<?xml version="1.0" encoding="UTF-8"?>
<testsuite xmlns:xsi="http://www.w3.org/2001/XMLSchema-instance" xsi:noNamespaceSchemaLocation="https://maven.apache.org/surefire/maven-surefire-plugin/xsd/surefire-test-report-3.0.xsd" version="3.0" name="com.facebook.Runner" time="48.972" tests="4" errors="1" skipped="0" failures="0">
  <properties>
[...]
</properties>
  <testcase name="Create Account" classname="As User I should be able to create account" time="27.572">
    <error message="no such element: Unable to locate element: {&quot;method&quot;:&quot;link text&quot;,&quot;selector&quot;:&quot;Create account&quot;}&#10;  (Session info: chrome=117.0.5938.132)&#10;For documentation on this error, please visit: https://www.seleniumhq.org/exceptions/no_such_element.html&#10;Build info: version: &apos;3.141.59&apos;, revision: &apos;e82be7d358&apos;, time: &apos;2018-11-14T08:17:03&apos;&#10;System info: host: &apos;DESKTOP-UBNFFHD&apos;, ip: &apos;192.168.1.210&apos;, os.name: &apos;Windows 10&apos;, os.arch: &apos;amd64&apos;, os.version: &apos;10.0&apos;, java.version: &apos;15.0.1&apos;&#10;Driver info: org.openqa.selenium.chrome.ChromeDriver&#10;Capabilities {acceptInsecureCerts: false, browserName: chrome, browserVersion: 117.0.5938.132, chrome: {chromedriverVersion: 117.0.5938.88 (be6afae47212..., userDataDir: C:\Users\rahma\AppData\Loca...}, fedcm:accounts: true, goog:chromeOptions: {debuggerAddress: localhost:56788}, javascriptEnabled: true, networkConnectionEnabled: false, pageLoadStrategy: normal, platform: WINDOWS, platformName: WINDOWS, proxy: Proxy(), setWindowRect: true, strictFileInteractability: false, timeouts: {implicit: 0, pageLoad: 300000, script: 30000}, unhandledPromptBehavior: dismiss and notify, webauthn:extension:credBlob: true, webauthn:extension:largeBlob: true, webauthn:extension:minPinLength: true, webauthn:extension:prf: true, webauthn:virtualAuthenticators: true}&#10;Session ID: e8bcd7885a257c84e837ec1a89f20997&#10;*** Element info: {Using=link text, value=Create account}" type="org.openqa.selenium.NoSuchElementException"><![CDATA[org.openqa.selenium.NoSuchElementException: 
no such element: Unable to locate element: {"method":"link text","selector":"Create account"}
  (Session info: chrome=117.0.5938.132)
For documentation on this error, please visit: https://www.seleniumhq.org/exceptions/no_such_element.html
Build info: version: '3.141.59', revision: 'e82be7d358', time: '2018-11-14T08:17:03'
System info: host: 'DESKTOP-UBNFFHD', ip: '192.168.1.210', os.name: 'Windows 10', os.arch: 'amd64', os.version: '10.0', java.version: '15.0.1'
Driver info: org.openqa.selenium.chrome.ChromeDriver
Capabilities {acceptInsecureCerts: false, browserName: chrome, browserVersion: 117.0.5938.132, chrome: {chromedriverVersion: 117.0.5938.88 (be6afae47212..., userDataDir: C:\Users\rahma\AppData\Loca...}, fedcm:accounts: true, goog:chromeOptions: {debuggerAddress: localhost:56788}, javascriptEnabled: true, networkConnectionEnabled: false, pageLoadStrategy: normal, platform: WINDOWS, platformName: WINDOWS, proxy: Proxy(), setWindowRect: true, strictFileInteractability: false, timeouts: {implicit: 0, pageLoad: 300000, script: 30000}, unhandledPromptBehavior: dismiss and notify, webauthn:extension:credBlob: true, webauthn:extension:largeBlob: true, webauthn:extension:minPinLength: true, webauthn:extension:prf: true, webauthn:virtualAuthenticators: true}
Session ID: e8bcd7885a257c84e837ec1a89f20997
*** Element info: {Using=link text, value=Create account}
]]></error>
    <system-out><![CDATA[
@regression
Scenario: Create Account                   &amp#27;[90m# src/test/resources/features/MacysAccountCreation.feature:4&amp#27;[0m
  &amp#27;[32mGiven &amp#27;[0m&amp#27;[32mUser Navigate to Macys Home Page&amp#27;[0m   &amp#27;[90m# com.facebook.stepDef.MacysAccountCreationStepDef.user_navigate_to_macys_home_page()&amp#27;[0m
  &amp#27;[32mWhen &amp#27;[0m&amp#27;[32mUser Click On Sign in Button&amp#27;[0m        &amp#27;[90m# com.facebook.stepDef.MacysAccountCreationStepDef.user_click_on_sign_in_button()&amp#27;[0m
  &amp#27;[31mThen &amp#27;[0m&amp#27;[31mUser Click on Create Account Button&amp#27;[0m &amp#27;[90m# com.facebook.stepDef.MacysAccountCreationStepDef.user_click_on_create_account_button()&amp#27;[0m
      &amp#27;[31morg.openqa.selenium.NoSuchElementException: no such element: Unable to locate element: {"method":"link text","selector":"Create account"}
  (Session info: chrome=117.0.5938.132)
For documentation on this error, please visit: https://www.seleniumhq.org/exceptions/no_such_element.html
Build info: version: '3.141.59', revision: 'e82be7d358', time: '2018-11-14T08:17:03'
System info: host: 'DESKTOP-UBNFFHD', ip: '192.168.1.210', os.name: 'Windows 10', os.arch: 'amd64', os.version: '10.0', java.version: '15.0.1'
Driver info: org.openqa.selenium.chrome.ChromeDriver
Capabilities {acceptInsecureCerts: false, browserName: chrome, browserVersion: 117.0.5938.132, chrome: {chromedriverVersion: 117.0.5938.88 (be6afae47212..., userDataDir: C:\Users\rahma\AppData\Loca...}, fedcm:accounts: true, goog:chromeOptions: {debuggerAddress: localhost:56788}, javascriptEnabled: true, networkConnectionEnabled: false, pageLoadStrategy: normal, platform: WINDOWS, platformName: WINDOWS, proxy: Proxy(), setWindowRect: true, strictFileInteractability: false, timeouts: {implicit: 0, pageLoad: 300000, script: 30000}, unhandledPromptBehavior: dismiss and notify, webauthn:extension:credBlob: true, webauthn:extension:largeBlob: true, webauthn:extension:minPinLength: true, webauthn:extension:prf: true, webauthn:virtualAuthenticators: true}
Session ID: e8bcd7885a257c84e837ec1a89f20997
*** Element info: {Using=link text, value=Create account}
	at java.base/jdk.internal.reflect.NativeConstructorAccessorImpl.newInstance0(Native Method)
	at java.base/jdk.internal.reflect.NativeConstructorAccessorImpl.newInstance(NativeConstructorAccessorImpl.java:64)
	at java.base/jdk.internal.reflect.DelegatingConstructorAccessorImpl.newInstance(DelegatingConstructorAccessorImpl.java:45)
	at java.base/java.lang.reflect.Constructor.newInstanceWithCaller(Constructor.java:500)
	at java.base/java.lang.reflect.Constructor.newInstance(Constructor.java:481)
	at org.openqa.selenium.remote.http.W3CHttpResponseCodec.createException(W3CHttpResponseCodec.java:187)
	at org.openqa.selenium.remote.http.W3CHttpResponseCodec.decode(W3CHttpResponseCodec.java:122)
	at org.openqa.selenium.remote.http.W3CHttpResponseCodec.decode(W3CHttpResponseCodec.java:49)
	at org.openqa.selenium.remote.HttpCommandExecutor.execute(HttpCommandExecutor.java:158)
	at org.openqa.selenium.remote.service.DriverCommandExecutor.execute(DriverCommandExecutor.java:83)
	at org.openqa.selenium.remote.RemoteWebDriver.execute(RemoteWebDriver.java:552)
	at org.openqa.selenium.remote.RemoteWebDriver.findElement(RemoteWebDriver.java:323)
	at org.openqa.selenium.remote.RemoteWebDriver.findElementByLinkText(RemoteWebDriver.java:380)
	at org.openqa.selenium.By$ByLinkText.findElement(By.java:220)
	at org.openqa.selenium.remote.RemoteWebDriver.findElement(RemoteWebDriver.java:315)
	at com.facebook.stepDef.MacysAccountCreationStepDef.user_click_on_create_account_button(MacysAccountCreationStepDef.java:29)
	at âœ½.User Click on Create Account Button(file:///C:/Users/rahma/eclipse-workspace/VTTS/FacebookTestFramework/src/test/resources/features/MacysAccountCreation.feature:7)
&amp#27;[0m
  &amp#27;[36mAnd &amp#27;[0m&amp#27;[36mUser fill Up Fist Name filed&amp#27;[0m         &amp#27;[90m# com.facebook.stepDef.MacysAccountCreationStepDef.user_fill_up_fist_name_filed()&amp#27;[0m
  &amp#27;[36mThen &amp#27;[0m&amp#27;[36mUser fill Up Last Name field&amp#27;[0m        &amp#27;[90m# com.facebook.stepDef.MacysAccountCreationStepDef.user_fill_up_last_name_field()&amp#27;[0m
  &amp#27;[36mAnd &amp#27;[0m&amp#27;[36mUser Fill Up Email Address Filed&amp#27;[0m     &amp#27;[90m# com.facebook.stepDef.MacysAccountCreationStepDef.user_fill_up_email_address_filed()&amp#27;[0m
  &amp#27;[36mThen &amp#27;[0m&amp#27;[36mUser fill up password filed&amp#27;[0m         &amp#27;[90m# com.facebook.stepDef.MacysAccountCreationStepDef.user_fill_up_password_filed()&amp#27;[0m
  &amp#27;[36mAnd &amp#27;[0m&amp#27;[36mUser Select the Birth Month Filed&amp#27;[0m    &amp#27;[90m# com.facebook.stepDef.MacysAccountCreationStepDef.user_select_the_birth_month_filed()&amp#27;[0m
  &amp#27;[36mThen &amp#27;[0m&amp#27;[36mUser Select the Birth Day Filed&amp#27;[0m     &amp#27;[90m# com.facebook.stepDef.MacysAccountCreationStepDef.user_select_the_birth_day_filed()&amp#27;[0m

    Embedding Screenshot on Failure [image/png 25340 bytes]

]]></system-out>
    <system-err><![CDATA[Starting ChromeDriver 117.0.5938.88 (be6afae4721209be42944bbcd325665f9f44563b-refs/branch-heads/5938_62@{#9}) on port 39726
Only local connections are allowed.
Please see https://chromedriver.chromium.org/security-considerations for suggestions on keeping ChromeDriver safe.
ChromeDriver was started successfully.
Sep 30, 2023 12:42:03 PM org.openqa.selenium.remote.ProtocolHandshake createSession
INFO: Detected dialect: W3C
]]></system-err>
  </testcase>
  <testcase name="Verify Sign Up Functionality With Male Geneder Option" classname="As user I should be able verify the sign in and sing up functionality" time="5.477"/>
  <testcase name="Verify Sign Up Functionality With Femal Geneder Option" classname="As user I should be able verify the sign in and sing up functionality" time="7.842"/>
  <testcase name="Verify Sign Up Functionality With Custom Geneder Option" classname="As user I should be able verify the sign in and sing up functionality" time="7.414"/>
</testsuite>